<?xml version="1.0" encoding="UTF-8"?>
<testsuite xmlns:xsi="http://www.w3.org/2001/XMLSchema-instance" xsi:noNamespaceSchemaLocation="https://maven.apache.org/surefire/maven-surefire-plugin/xsd/surefire-test-report-3.0.xsd" version="3.0" name="com.mgp.mdemo1.frontend.tests.testng.runner.RunCucumberTest" time="289.156" tests="6" errors="0" skipped="0" failures="1">
  <properties>
    <property name="sun.desktop" value="windows"/>
    <property name="awt.toolkit" value="sun.awt.windows.WToolkit"/>
    <property name="java.specification.version" value="11"/>
    <property name="sun.cpu.isalist" value="amd64"/>
    <property name="sun.jnu.encoding" value="Cp1252"/>
    <property name="java.class.path" value="D:\Mozaic\mgp-mdemo1-frontend-tests\target\test-classes;D:\Mozaic\mgp-mdemo1-frontend-tests\target\classes;C:\Users\duytr\.m2\repository\io\appium\java-client\8.3.0\java-client-8.3.0.jar;C:\Users\duytr\.m2\repository\org\seleniumhq\selenium\selenium-api\4.9.1\selenium-api-4.9.1.jar;C:\Users\duytr\.m2\repository\org\seleniumhq\selenium\selenium-remote-driver\4.9.1\selenium-remote-driver-4.9.1.jar;C:\Users\duytr\.m2\repository\com\google\auto\service\auto-service-annotations\1.0.1\auto-service-annotations-1.0.1.jar;C:\Users\duytr\.m2\repository\com\google\auto\service\auto-service\1.0.1\auto-service-1.0.1.jar;C:\Users\duytr\.m2\repository\com\google\auto\auto-common\1.2\auto-common-1.2.jar;C:\Users\duytr\.m2\repository\com\google\guava\guava\31.1-jre\guava-31.1-jre.jar;C:\Users\duytr\.m2\repository\com\google\guava\failureaccess\1.0.1\failureaccess-1.0.1.jar;C:\Users\duytr\.m2\repository\com\google\guava\listenablefuture\9999.0-empty-to-avoid-conflict-with-guava\listenablefuture-9999.0-empty-to-avoid-conflict-with-guava.jar;C:\Users\duytr\.m2\repository\com\google\code\findbugs\jsr305\3.0.2\jsr305-3.0.2.jar;C:\Users\duytr\.m2\repository\org\checkerframework\checker-qual\3.12.0\checker-qual-3.12.0.jar;C:\Users\duytr\.m2\repository\com\google\errorprone\error_prone_annotations\2.11.0\error_prone_annotations-2.11.0.jar;C:\Users\duytr\.m2\repository\com\google\j2objc\j2objc-annotations\1.3\j2objc-annotations-1.3.jar;C:\Users\duytr\.m2\repository\io\netty\netty-buffer\4.1.91.Final\netty-buffer-4.1.91.Final.jar;C:\Users\duytr\.m2\repository\io\netty\netty-codec-http\4.1.91.Final\netty-codec-http-4.1.91.Final.jar;C:\Users\duytr\.m2\repository\io\netty\netty-codec\4.1.91.Final\netty-codec-4.1.91.Final.jar;C:\Users\duytr\.m2\repository\io\netty\netty-handler\4.1.91.Final\netty-handler-4.1.91.Final.jar;C:\Users\duytr\.m2\repository\io\netty\netty-common\4.1.91.Final\netty-common-4.1.91.Final.jar;C:\Users\duytr\.m2\repository\io\netty\netty-transport-classes-epoll\4.1.91.Final\netty-transport-classes-epoll-4.1.91.Final.jar;C:\Users\duytr\.m2\repository\io\netty\netty-transport-classes-kqueue\4.1.91.Final\netty-transport-classes-kqueue-4.1.91.Final.jar;C:\Users\duytr\.m2\repository\io\netty\netty-transport-native-epoll\4.1.91.Final\netty-transport-native-epoll-4.1.91.Final.jar;C:\Users\duytr\.m2\repository\io\netty\netty-transport-native-kqueue\4.1.91.Final\netty-transport-native-kqueue-4.1.91.Final.jar;C:\Users\duytr\.m2\repository\io\netty\netty-transport-native-unix-common\4.1.91.Final\netty-transport-native-unix-common-4.1.91.Final.jar;C:\Users\duytr\.m2\repository\io\netty\netty-transport\4.1.91.Final\netty-transport-4.1.91.Final.jar;C:\Users\duytr\.m2\repository\io\netty\netty-resolver\4.1.91.Final\netty-resolver-4.1.91.Final.jar;C:\Users\duytr\.m2\repository\io\opentelemetry\opentelemetry-api\1.25.0\opentelemetry-api-1.25.0.jar;C:\Users\duytr\.m2\repository\io\opentelemetry\opentelemetry-context\1.25.0\opentelemetry-context-1.25.0.jar;C:\Users\duytr\.m2\repository\io\opentelemetry\opentelemetry-exporter-logging\1.25.0\opentelemetry-exporter-logging-1.25.0.jar;C:\Users\duytr\.m2\repository\io\opentelemetry\opentelemetry-sdk-metrics\1.25.0\opentelemetry-sdk-metrics-1.25.0.jar;C:\Users\duytr\.m2\repository\io\opentelemetry\opentelemetry-sdk-logs\1.25.0-alpha\opentelemetry-sdk-logs-1.25.0-alpha.jar;C:\Users\duytr\.m2\repository\io\opentelemetry\opentelemetry-api-logs\1.25.0-alpha\opentelemetry-api-logs-1.25.0-alpha.jar;C:\Users\duytr\.m2\repository\io\opentelemetry\opentelemetry-api-events\1.25.0-alpha\opentelemetry-api-events-1.25.0-alpha.jar;C:\Users\duytr\.m2\repository\io\opentelemetry\opentelemetry-sdk-common\1.25.0\opentelemetry-sdk-common-1.25.0.jar;C:\Users\duytr\.m2\repository\io\opentelemetry\opentelemetry-sdk-extension-autoconfigure-spi\1.25.0\opentelemetry-sdk-extension-autoconfigure-spi-1.25.0.jar;C:\Users\duytr\.m2\repository\io\opentelemetry\opentelemetry-sdk-extension-autoconfigure\1.25.0-alpha\opentelemetry-sdk-extension-autoconfigure-1.25.0-alpha.jar;C:\Users\duytr\.m2\repository\io\opentelemetry\opentelemetry-sdk-trace\1.25.0\opentelemetry-sdk-trace-1.25.0.jar;C:\Users\duytr\.m2\repository\io\opentelemetry\opentelemetry-sdk\1.25.0\opentelemetry-sdk-1.25.0.jar;C:\Users\duytr\.m2\repository\io\opentelemetry\opentelemetry-semconv\1.25.0-alpha\opentelemetry-semconv-1.25.0-alpha.jar;C:\Users\duytr\.m2\repository\io\ous\jtoml\2.0.0\jtoml-2.0.0.jar;C:\Users\duytr\.m2\repository\net\bytebuddy\byte-buddy\1.14.4\byte-buddy-1.14.4.jar;C:\Users\duytr\.m2\repository\org\apache\commons\commons-exec\1.3\commons-exec-1.3.jar;C:\Users\duytr\.m2\repository\org\asynchttpclient\async-http-client\2.12.3\async-http-client-2.12.3.jar;C:\Users\duytr\.m2\repository\org\asynchttpclient\async-http-client-netty-utils\2.12.3\async-http-client-netty-utils-2.12.3.jar;C:\Users\duytr\.m2\repository\io\netty\netty-codec-socks\4.1.60.Final\netty-codec-socks-4.1.60.Final.jar;C:\Users\duytr\.m2\repository\io\netty\netty-handler-proxy\4.1.60.Final\netty-handler-proxy-4.1.60.Final.jar;C:\Users\duytr\.m2\repository\io\netty\netty-transport-native-epoll\4.1.60.Final\netty-transport-native-epoll-4.1.60.Final-linux-x86_64.jar;C:\Users\duytr\.m2\repository\io\netty\netty-transport-native-kqueue\4.1.60.Final\netty-transport-native-kqueue-4.1.60.Final-osx-x86_64.jar;C:\Users\duytr\.m2\repository\org\reactivestreams\reactive-streams\1.0.3\reactive-streams-1.0.3.jar;C:\Users\duytr\.m2\repository\com\typesafe\netty\netty-reactive-streams\2.0.4\netty-reactive-streams-2.0.4.jar;C:\Users\duytr\.m2\repository\com\sun\activation\jakarta.activation\1.2.2\jakarta.activation-1.2.2.jar;C:\Users\duytr\.m2\repository\org\seleniumhq\selenium\selenium-http\4.9.1\selenium-http-4.9.1.jar;C:\Users\duytr\.m2\repository\dev\failsafe\failsafe\3.3.1\failsafe-3.3.1.jar;C:\Users\duytr\.m2\repository\org\seleniumhq\selenium\selenium-json\4.9.1\selenium-json-4.9.1.jar;C:\Users\duytr\.m2\repository\org\seleniumhq\selenium\selenium-manager\4.9.1\selenium-manager-4.9.1.jar;C:\Users\duytr\.m2\repository\org\seleniumhq\selenium\selenium-support\4.9.1\selenium-support-4.9.1.jar;C:\Users\duytr\.m2\repository\com\google\code\gson\gson\2.10\gson-2.10.jar;C:\Users\duytr\.m2\repository\cglib\cglib\3.3.0\cglib-3.3.0.jar;C:\Users\duytr\.m2\repository\org\ow2\asm\asm\7.1\asm-7.1.jar;C:\Users\duytr\.m2\repository\commons-validator\commons-validator\1.7\commons-validator-1.7.jar;C:\Users\duytr\.m2\repository\commons-beanutils\commons-beanutils\1.9.4\commons-beanutils-1.9.4.jar;C:\Users\duytr\.m2\repository\commons-digester\commons-digester\2.1\commons-digester-2.1.jar;C:\Users\duytr\.m2\repository\commons-logging\commons-logging\1.2\commons-logging-1.2.jar;C:\Users\duytr\.m2\repository\commons-collections\commons-collections\3.2.2\commons-collections-3.2.2.jar;C:\Users\duytr\.m2\repository\org\apache\commons\commons-lang3\3.12.0\commons-lang3-3.12.0.jar;C:\Users\duytr\.m2\repository\commons-io\commons-io\2.11.0\commons-io-2.11.0.jar;C:\Users\duytr\.m2\repository\org\slf4j\slf4j-api\2.0.5\slf4j-api-2.0.5.jar;C:\Users\duytr\.m2\repository\org\testng\testng\7.7.0\testng-7.7.0.jar;C:\Users\duytr\.m2\repository\com\beust\jcommander\1.82\jcommander-1.82.jar;C:\Users\duytr\.m2\repository\org\webjars\jquery\3.6.1\jquery-3.6.1.jar;C:\Users\duytr\.m2\repository\io\cucumber\cucumber-java\7.11.1\cucumber-java-7.11.1.jar;C:\Users\duytr\.m2\repository\io\cucumber\cucumber-core\7.11.1\cucumber-core-7.11.1.jar;C:\Users\duytr\.m2\repository\io\cucumber\cucumber-gherkin\7.11.1\cucumber-gherkin-7.11.1.jar;C:\Users\duytr\.m2\repository\io\cucumber\cucumber-gherkin-messages\7.11.1\cucumber-gherkin-messages-7.11.1.jar;C:\Users\duytr\.m2\repository\io\cucumber\gherkin\26.0.3\gherkin-26.0.3.jar;C:\Users\duytr\.m2\repository\io\cucumber\messages\21.0.1\messages-21.0.1.jar;C:\Users\duytr\.m2\repository\io\cucumber\tag-expressions\5.0.1\tag-expressions-5.0.1.jar;C:\Users\duytr\.m2\repository\io\cucumber\cucumber-expressions\16.1.2\cucumber-expressions-16.1.2.jar;C:\Users\duytr\.m2\repository\io\cucumber\datatable\7.11.1\datatable-7.11.1.jar;C:\Users\duytr\.m2\repository\io\cucumber\cucumber-plugin\7.11.1\cucumber-plugin-7.11.1.jar;C:\Users\duytr\.m2\repository\io\cucumber\docstring\7.11.1\docstring-7.11.1.jar;C:\Users\duytr\.m2\repository\io\cucumber\html-formatter\20.2.1\html-formatter-20.2.1.jar;C:\Users\duytr\.m2\repository\io\cucumber\junit-xml-formatter\0.1.0\junit-xml-formatter-0.1.0.jar;C:\Users\duytr\.m2\repository\io\cucumber\ci-environment\9.1.0\ci-environment-9.1.0.jar;C:\Users\duytr\.m2\repository\org\apiguardian\apiguardian-api\1.1.2\apiguardian-api-1.1.2.jar;C:\Users\duytr\.m2\repository\io\cucumber\cucumber-testng\7.11.1\cucumber-testng-7.11.1.jar;C:\Users\duytr\.m2\repository\org\seleniumhq\selenium\selenium-java\4.8.1\selenium-java-4.8.1.jar;C:\Users\duytr\.m2\repository\org\seleniumhq\selenium\selenium-chrome-driver\4.8.1\selenium-chrome-driver-4.8.1.jar;C:\Users\duytr\.m2\repository\org\seleniumhq\selenium\selenium-chromium-driver\4.8.1\selenium-chromium-driver-4.8.1.jar;C:\Users\duytr\.m2\repository\org\seleniumhq\selenium\selenium-devtools-v108\4.8.1\selenium-devtools-v108-4.8.1.jar;C:\Users\duytr\.m2\repository\org\seleniumhq\selenium\selenium-devtools-v109\4.8.1\selenium-devtools-v109-4.8.1.jar;C:\Users\duytr\.m2\repository\org\seleniumhq\selenium\selenium-devtools-v110\4.8.1\selenium-devtools-v110-4.8.1.jar;C:\Users\duytr\.m2\repository\org\seleniumhq\selenium\selenium-devtools-v85\4.8.1\selenium-devtools-v85-4.8.1.jar;C:\Users\duytr\.m2\repository\org\seleniumhq\selenium\selenium-edge-driver\4.8.1\selenium-edge-driver-4.8.1.jar;C:\Users\duytr\.m2\repository\org\seleniumhq\selenium\selenium-firefox-driver\4.8.1\selenium-firefox-driver-4.8.1.jar;C:\Users\duytr\.m2\repository\org\seleniumhq\selenium\selenium-ie-driver\4.8.1\selenium-ie-driver-4.8.1.jar;C:\Users\duytr\.m2\repository\org\seleniumhq\selenium\selenium-safari-driver\4.8.1\selenium-safari-driver-4.8.1.jar;C:\Users\duytr\.m2\repository\com\browserstack\browserstack-local-java\1.0.6\browserstack-local-java-1.0.6.jar;C:\Users\duytr\.m2\repository\org\json\json\20160212\json-20160212.jar;C:\Users\duytr\.m2\repository\io\github\cdimascio\dotenv-java\2.3.2\dotenv-java-2.3.2.jar;C:\Users\duytr\.m2\repository\com\googlecode\json-simple\json-simple\1.1.1\json-simple-1.1.1.jar;C:\Users\duytr\.m2\repository\junit\junit\4.10\junit-4.10.jar;C:\Users\duytr\.m2\repository\org\hamcrest\hamcrest-core\1.1\hamcrest-core-1.1.jar;C:\Users\duytr\.m2\repository\com\fasterxml\jackson\core\jackson-databind\2.15.0\jackson-databind-2.15.0.jar;C:\Users\duytr\.m2\repository\com\fasterxml\jackson\core\jackson-annotations\2.15.0\jackson-annotations-2.15.0.jar;C:\Users\duytr\.m2\repository\com\fasterxml\jackson\core\jackson-core\2.15.0\jackson-core-2.15.0.jar;"/>
    <property name="java.vm.vendor" value="Oracle Corporation"/>
    <property name="sun.arch.data.model" value="64"/>
    <property name="user.variant" value=""/>
    <property name="java.vendor.url" value="https://openjdk.java.net/"/>
    <property name="user.timezone" value="Asia/Bangkok"/>
    <property name="java.vm.specification.version" value="11"/>
    <property name="os.name" value="Windows 11"/>
    <property name="sun.java.launcher" value="SUN_STANDARD"/>
    <property name="user.country" value="US"/>
    <property name="sun.boot.library.path" value="C:\Program Files\Java\jdk-11.0.14\bin"/>
    <property name="sun.java.command" value="C:\Users\duytr\AppData\Local\Temp\surefire17472491554660295876\surefirebooter-20230526155140089_3.jar C:\Users\duytr\AppData\Local\Temp\surefire17472491554660295876 2023-05-26T15-51-39_939-jvmRun1 surefire-20230526155140089_1tmp surefire_0-20230526155140089_2tmp"/>
    <property name="jdk.debug" value="release"/>
    <property name="surefire.test.class.path" value="D:\Mozaic\mgp-mdemo1-frontend-tests\target\test-classes;D:\Mozaic\mgp-mdemo1-frontend-tests\target\classes;C:\Users\duytr\.m2\repository\io\appium\java-client\8.3.0\java-client-8.3.0.jar;C:\Users\duytr\.m2\repository\org\seleniumhq\selenium\selenium-api\4.9.1\selenium-api-4.9.1.jar;C:\Users\duytr\.m2\repository\org\seleniumhq\selenium\selenium-remote-driver\4.9.1\selenium-remote-driver-4.9.1.jar;C:\Users\duytr\.m2\repository\com\google\auto\service\auto-service-annotations\1.0.1\auto-service-annotations-1.0.1.jar;C:\Users\duytr\.m2\repository\com\google\auto\service\auto-service\1.0.1\auto-service-1.0.1.jar;C:\Users\duytr\.m2\repository\com\google\auto\auto-common\1.2\auto-common-1.2.jar;C:\Users\duytr\.m2\repository\com\google\guava\guava\31.1-jre\guava-31.1-jre.jar;C:\Users\duytr\.m2\repository\com\google\guava\failureaccess\1.0.1\failureaccess-1.0.1.jar;C:\Users\duytr\.m2\repository\com\google\guava\listenablefuture\9999.0-empty-to-avoid-conflict-with-guava\listenablefuture-9999.0-empty-to-avoid-conflict-with-guava.jar;C:\Users\duytr\.m2\repository\com\google\code\findbugs\jsr305\3.0.2\jsr305-3.0.2.jar;C:\Users\duytr\.m2\repository\org\checkerframework\checker-qual\3.12.0\checker-qual-3.12.0.jar;C:\Users\duytr\.m2\repository\com\google\errorprone\error_prone_annotations\2.11.0\error_prone_annotations-2.11.0.jar;C:\Users\duytr\.m2\repository\com\google\j2objc\j2objc-annotations\1.3\j2objc-annotations-1.3.jar;C:\Users\duytr\.m2\repository\io\netty\netty-buffer\4.1.91.Final\netty-buffer-4.1.91.Final.jar;C:\Users\duytr\.m2\repository\io\netty\netty-codec-http\4.1.91.Final\netty-codec-http-4.1.91.Final.jar;C:\Users\duytr\.m2\repository\io\netty\netty-codec\4.1.91.Final\netty-codec-4.1.91.Final.jar;C:\Users\duytr\.m2\repository\io\netty\netty-handler\4.1.91.Final\netty-handler-4.1.91.Final.jar;C:\Users\duytr\.m2\repository\io\netty\netty-common\4.1.91.Final\netty-common-4.1.91.Final.jar;C:\Users\duytr\.m2\repository\io\netty\netty-transport-classes-epoll\4.1.91.Final\netty-transport-classes-epoll-4.1.91.Final.jar;C:\Users\duytr\.m2\repository\io\netty\netty-transport-classes-kqueue\4.1.91.Final\netty-transport-classes-kqueue-4.1.91.Final.jar;C:\Users\duytr\.m2\repository\io\netty\netty-transport-native-epoll\4.1.91.Final\netty-transport-native-epoll-4.1.91.Final.jar;C:\Users\duytr\.m2\repository\io\netty\netty-transport-native-kqueue\4.1.91.Final\netty-transport-native-kqueue-4.1.91.Final.jar;C:\Users\duytr\.m2\repository\io\netty\netty-transport-native-unix-common\4.1.91.Final\netty-transport-native-unix-common-4.1.91.Final.jar;C:\Users\duytr\.m2\repository\io\netty\netty-transport\4.1.91.Final\netty-transport-4.1.91.Final.jar;C:\Users\duytr\.m2\repository\io\netty\netty-resolver\4.1.91.Final\netty-resolver-4.1.91.Final.jar;C:\Users\duytr\.m2\repository\io\opentelemetry\opentelemetry-api\1.25.0\opentelemetry-api-1.25.0.jar;C:\Users\duytr\.m2\repository\io\opentelemetry\opentelemetry-context\1.25.0\opentelemetry-context-1.25.0.jar;C:\Users\duytr\.m2\repository\io\opentelemetry\opentelemetry-exporter-logging\1.25.0\opentelemetry-exporter-logging-1.25.0.jar;C:\Users\duytr\.m2\repository\io\opentelemetry\opentelemetry-sdk-metrics\1.25.0\opentelemetry-sdk-metrics-1.25.0.jar;C:\Users\duytr\.m2\repository\io\opentelemetry\opentelemetry-sdk-logs\1.25.0-alpha\opentelemetry-sdk-logs-1.25.0-alpha.jar;C:\Users\duytr\.m2\repository\io\opentelemetry\opentelemetry-api-logs\1.25.0-alpha\opentelemetry-api-logs-1.25.0-alpha.jar;C:\Users\duytr\.m2\repository\io\opentelemetry\opentelemetry-api-events\1.25.0-alpha\opentelemetry-api-events-1.25.0-alpha.jar;C:\Users\duytr\.m2\repository\io\opentelemetry\opentelemetry-sdk-common\1.25.0\opentelemetry-sdk-common-1.25.0.jar;C:\Users\duytr\.m2\repository\io\opentelemetry\opentelemetry-sdk-extension-autoconfigure-spi\1.25.0\opentelemetry-sdk-extension-autoconfigure-spi-1.25.0.jar;C:\Users\duytr\.m2\repository\io\opentelemetry\opentelemetry-sdk-extension-autoconfigure\1.25.0-alpha\opentelemetry-sdk-extension-autoconfigure-1.25.0-alpha.jar;C:\Users\duytr\.m2\repository\io\opentelemetry\opentelemetry-sdk-trace\1.25.0\opentelemetry-sdk-trace-1.25.0.jar;C:\Users\duytr\.m2\repository\io\opentelemetry\opentelemetry-sdk\1.25.0\opentelemetry-sdk-1.25.0.jar;C:\Users\duytr\.m2\repository\io\opentelemetry\opentelemetry-semconv\1.25.0-alpha\opentelemetry-semconv-1.25.0-alpha.jar;C:\Users\duytr\.m2\repository\io\ous\jtoml\2.0.0\jtoml-2.0.0.jar;C:\Users\duytr\.m2\repository\net\bytebuddy\byte-buddy\1.14.4\byte-buddy-1.14.4.jar;C:\Users\duytr\.m2\repository\org\apache\commons\commons-exec\1.3\commons-exec-1.3.jar;C:\Users\duytr\.m2\repository\org\asynchttpclient\async-http-client\2.12.3\async-http-client-2.12.3.jar;C:\Users\duytr\.m2\repository\org\asynchttpclient\async-http-client-netty-utils\2.12.3\async-http-client-netty-utils-2.12.3.jar;C:\Users\duytr\.m2\repository\io\netty\netty-codec-socks\4.1.60.Final\netty-codec-socks-4.1.60.Final.jar;C:\Users\duytr\.m2\repository\io\netty\netty-handler-proxy\4.1.60.Final\netty-handler-proxy-4.1.60.Final.jar;C:\Users\duytr\.m2\repository\io\netty\netty-transport-native-epoll\4.1.60.Final\netty-transport-native-epoll-4.1.60.Final-linux-x86_64.jar;C:\Users\duytr\.m2\repository\io\netty\netty-transport-native-kqueue\4.1.60.Final\netty-transport-native-kqueue-4.1.60.Final-osx-x86_64.jar;C:\Users\duytr\.m2\repository\org\reactivestreams\reactive-streams\1.0.3\reactive-streams-1.0.3.jar;C:\Users\duytr\.m2\repository\com\typesafe\netty\netty-reactive-streams\2.0.4\netty-reactive-streams-2.0.4.jar;C:\Users\duytr\.m2\repository\com\sun\activation\jakarta.activation\1.2.2\jakarta.activation-1.2.2.jar;C:\Users\duytr\.m2\repository\org\seleniumhq\selenium\selenium-http\4.9.1\selenium-http-4.9.1.jar;C:\Users\duytr\.m2\repository\dev\failsafe\failsafe\3.3.1\failsafe-3.3.1.jar;C:\Users\duytr\.m2\repository\org\seleniumhq\selenium\selenium-json\4.9.1\selenium-json-4.9.1.jar;C:\Users\duytr\.m2\repository\org\seleniumhq\selenium\selenium-manager\4.9.1\selenium-manager-4.9.1.jar;C:\Users\duytr\.m2\repository\org\seleniumhq\selenium\selenium-support\4.9.1\selenium-support-4.9.1.jar;C:\Users\duytr\.m2\repository\com\google\code\gson\gson\2.10\gson-2.10.jar;C:\Users\duytr\.m2\repository\cglib\cglib\3.3.0\cglib-3.3.0.jar;C:\Users\duytr\.m2\repository\org\ow2\asm\asm\7.1\asm-7.1.jar;C:\Users\duytr\.m2\repository\commons-validator\commons-validator\1.7\commons-validator-1.7.jar;C:\Users\duytr\.m2\repository\commons-beanutils\commons-beanutils\1.9.4\commons-beanutils-1.9.4.jar;C:\Users\duytr\.m2\repository\commons-digester\commons-digester\2.1\commons-digester-2.1.jar;C:\Users\duytr\.m2\repository\commons-logging\commons-logging\1.2\commons-logging-1.2.jar;C:\Users\duytr\.m2\repository\commons-collections\commons-collections\3.2.2\commons-collections-3.2.2.jar;C:\Users\duytr\.m2\repository\org\apache\commons\commons-lang3\3.12.0\commons-lang3-3.12.0.jar;C:\Users\duytr\.m2\repository\commons-io\commons-io\2.11.0\commons-io-2.11.0.jar;C:\Users\duytr\.m2\repository\org\slf4j\slf4j-api\2.0.5\slf4j-api-2.0.5.jar;C:\Users\duytr\.m2\repository\org\testng\testng\7.7.0\testng-7.7.0.jar;C:\Users\duytr\.m2\repository\com\beust\jcommander\1.82\jcommander-1.82.jar;C:\Users\duytr\.m2\repository\org\webjars\jquery\3.6.1\jquery-3.6.1.jar;C:\Users\duytr\.m2\repository\io\cucumber\cucumber-java\7.11.1\cucumber-java-7.11.1.jar;C:\Users\duytr\.m2\repository\io\cucumber\cucumber-core\7.11.1\cucumber-core-7.11.1.jar;C:\Users\duytr\.m2\repository\io\cucumber\cucumber-gherkin\7.11.1\cucumber-gherkin-7.11.1.jar;C:\Users\duytr\.m2\repository\io\cucumber\cucumber-gherkin-messages\7.11.1\cucumber-gherkin-messages-7.11.1.jar;C:\Users\duytr\.m2\repository\io\cucumber\gherkin\26.0.3\gherkin-26.0.3.jar;C:\Users\duytr\.m2\repository\io\cucumber\messages\21.0.1\messages-21.0.1.jar;C:\Users\duytr\.m2\repository\io\cucumber\tag-expressions\5.0.1\tag-expressions-5.0.1.jar;C:\Users\duytr\.m2\repository\io\cucumber\cucumber-expressions\16.1.2\cucumber-expressions-16.1.2.jar;C:\Users\duytr\.m2\repository\io\cucumber\datatable\7.11.1\datatable-7.11.1.jar;C:\Users\duytr\.m2\repository\io\cucumber\cucumber-plugin\7.11.1\cucumber-plugin-7.11.1.jar;C:\Users\duytr\.m2\repository\io\cucumber\docstring\7.11.1\docstring-7.11.1.jar;C:\Users\duytr\.m2\repository\io\cucumber\html-formatter\20.2.1\html-formatter-20.2.1.jar;C:\Users\duytr\.m2\repository\io\cucumber\junit-xml-formatter\0.1.0\junit-xml-formatter-0.1.0.jar;C:\Users\duytr\.m2\repository\io\cucumber\ci-environment\9.1.0\ci-environment-9.1.0.jar;C:\Users\duytr\.m2\repository\org\apiguardian\apiguardian-api\1.1.2\apiguardian-api-1.1.2.jar;C:\Users\duytr\.m2\repository\io\cucumber\cucumber-testng\7.11.1\cucumber-testng-7.11.1.jar;C:\Users\duytr\.m2\repository\org\seleniumhq\selenium\selenium-java\4.8.1\selenium-java-4.8.1.jar;C:\Users\duytr\.m2\repository\org\seleniumhq\selenium\selenium-chrome-driver\4.8.1\selenium-chrome-driver-4.8.1.jar;C:\Users\duytr\.m2\repository\org\seleniumhq\selenium\selenium-chromium-driver\4.8.1\selenium-chromium-driver-4.8.1.jar;C:\Users\duytr\.m2\repository\org\seleniumhq\selenium\selenium-devtools-v108\4.8.1\selenium-devtools-v108-4.8.1.jar;C:\Users\duytr\.m2\repository\org\seleniumhq\selenium\selenium-devtools-v109\4.8.1\selenium-devtools-v109-4.8.1.jar;C:\Users\duytr\.m2\repository\org\seleniumhq\selenium\selenium-devtools-v110\4.8.1\selenium-devtools-v110-4.8.1.jar;C:\Users\duytr\.m2\repository\org\seleniumhq\selenium\selenium-devtools-v85\4.8.1\selenium-devtools-v85-4.8.1.jar;C:\Users\duytr\.m2\repository\org\seleniumhq\selenium\selenium-edge-driver\4.8.1\selenium-edge-driver-4.8.1.jar;C:\Users\duytr\.m2\repository\org\seleniumhq\selenium\selenium-firefox-driver\4.8.1\selenium-firefox-driver-4.8.1.jar;C:\Users\duytr\.m2\repository\org\seleniumhq\selenium\selenium-ie-driver\4.8.1\selenium-ie-driver-4.8.1.jar;C:\Users\duytr\.m2\repository\org\seleniumhq\selenium\selenium-safari-driver\4.8.1\selenium-safari-driver-4.8.1.jar;C:\Users\duytr\.m2\repository\com\browserstack\browserstack-local-java\1.0.6\browserstack-local-java-1.0.6.jar;C:\Users\duytr\.m2\repository\org\json\json\20160212\json-20160212.jar;C:\Users\duytr\.m2\repository\io\github\cdimascio\dotenv-java\2.3.2\dotenv-java-2.3.2.jar;C:\Users\duytr\.m2\repository\com\googlecode\json-simple\json-simple\1.1.1\json-simple-1.1.1.jar;C:\Users\duytr\.m2\repository\junit\junit\4.10\junit-4.10.jar;C:\Users\duytr\.m2\repository\org\hamcrest\hamcrest-core\1.1\hamcrest-core-1.1.jar;C:\Users\duytr\.m2\repository\com\fasterxml\jackson\core\jackson-databind\2.15.0\jackson-databind-2.15.0.jar;C:\Users\duytr\.m2\repository\com\fasterxml\jackson\core\jackson-annotations\2.15.0\jackson-annotations-2.15.0.jar;C:\Users\duytr\.m2\repository\com\fasterxml\jackson\core\jackson-core\2.15.0\jackson-core-2.15.0.jar;"/>
    <property name="sun.cpu.endian" value="little"/>
    <property name="user.home" value="C:\Users\duytr"/>
    <property name="user.language" value="en"/>
    <property name="java.specification.vendor" value="Oracle Corporation"/>
    <property name="java.version.date" value="2022-01-18"/>
    <property name="java.home" value="C:\Program Files\Java\jdk-11.0.14"/>
    <property name="file.separator" value="\"/>
    <property name="basedir" value="D:\Mozaic\mgp-mdemo1-frontend-tests"/>
    <property name="java.vm.compressedOopsMode" value="Zero based"/>
    <property name="line.separator" value="&#10;"/>
    <property name="java.specification.name" value="Java Platform API Specification"/>
    <property name="java.vm.specification.vendor" value="Oracle Corporation"/>
    <property name="java.awt.graphicsenv" value="sun.awt.Win32GraphicsEnvironment"/>
    <property name="surefire.real.class.path" value="C:\Users\duytr\AppData\Local\Temp\surefire17472491554660295876\surefirebooter-20230526155140089_3.jar"/>
    <property name="user.script" value=""/>
    <property name="sun.management.compiler" value="HotSpot 64-Bit Tiered Compilers"/>
    <property name="java.runtime.version" value="11.0.14+8-LTS-263"/>
    <property name="user.name" value="duytr"/>
    <property name="path.separator" value=";"/>
    <property name="os.version" value="10.0"/>
    <property name="java.runtime.name" value="Java(TM) SE Runtime Environment"/>
    <property name="file.encoding" value="Cp1252"/>
    <property name="java.vm.name" value="Java HotSpot(TM) 64-Bit Server VM"/>
    <property name="java.vendor.version" value="18.9"/>
    <property name="localRepository" value="C:\Users\duytr\.m2\repository"/>
    <property name="java.vendor.url.bug" value="https://bugreport.java.com/bugreport/"/>
    <property name="java.io.tmpdir" value="C:\Users\duytr\AppData\Local\Temp\"/>
    <property name="java.version" value="11.0.14"/>
    <property name="user.dir" value="D:\Mozaic\mgp-mdemo1-frontend-tests"/>
    <property name="os.arch" value="amd64"/>
    <property name="java.vm.specification.name" value="Java Virtual Machine Specification"/>
    <property name="java.awt.printerjob" value="sun.awt.windows.WPrinterJob"/>
    <property name="sun.os.patch.level" value=""/>
    <property name="java.library.path" value="C:\Program Files\Java\jdk-11.0.14\bin;C:\Windows\Sun\Java\bin;C:\Windows\system32;C:\Windows;C:\Program Files\Common Files\Oracle\Java\javapath;C:\Windows\system32;C:\Windows;C:\Windows\System32\Wbem;C:\Windows\System32\WindowsPowerShell\v1.0\;C:\Windows\System32\OpenSSH\;C:\Program Files (x86)\NVIDIA Corporation\PhysX\Common;C:\Program Files\Git\cmd;C:\Users\duytr\AppData\Local\Android\Sdk\platform-tools;C:\Program Files\Java\jdk-11.0.14\bin;C:\Program Files\nodejs\;C:\Gradle\gradle-7.5.1\bin;C:\apache-maven-3.9.2\bin;C:\Users\duytr\AppData\Local\Microsoft\WindowsApps;C:\Users\duytr\AppData\Roaming\npm;C:\Users\duytr\AppData\Local\Programs\Microsoft VS Code\bin;."/>
    <property name="java.vendor" value="Oracle Corporation"/>
    <property name="java.vm.info" value="mixed mode"/>
    <property name="java.vm.version" value="11.0.14+8-LTS-263"/>
    <property name="sun.io.unicode.encoding" value="UnicodeLittle"/>
    <property name="java.class.version" value="55.0"/>
  </properties>
  <testcase name="runScenario[&quot;Verify user can make a payment after login to the system.&quot;, &quot;Submit an application.&quot;](1)" classname="com.mgp.mdemo1.frontend.tests.testng.runner.RunCucumberTest" time="69.556">
    <system-out><![CDATA[
@SubmitAnApplication
Scenario Outline: Verify user can make a payment after login to the system.                                          # features/SubmitAValidApplication.feature:25
  Given User go to the Prequalification page and select user as "Test User5"                                         # com.mgp.mdemo1.frontend.tests.stepdefinitions.PreRequestSteps.userGoToThePrequalificationPageAndSelectUserAs(java.lang.String)
  When User select answers as "Y", "Y", "Y" and "Y"                                                                  # com.mgp.mdemo1.frontend.tests.stepdefinitions.TellUsSteps.userSelectAnswersAsAnd(java.lang.String,java.lang.String,java.lang.String,java.lang.String)
  Then Click on the Next button                                                                                      # com.mgp.mdemo1.frontend.tests.stepdefinitions.TellUsSteps.clickOnTheNextButton()
  And User click on Consent checkbox with value is "Y"                                                               # com.mgp.mdemo1.frontend.tests.stepdefinitions.ConsentSteps.userClickOnConsentCheckboxWithValueIs(java.lang.String)
  And Click on the Next button                                                                                       # com.mgp.mdemo1.frontend.tests.stepdefinitions.TellUsSteps.clickOnTheNextButton()
  And User input on Spend money text box with value is "500000"                                                      # com.mgp.mdemo1.frontend.tests.stepdefinitions.SpendSteps.userInputOnSpendMoneyTextBoxWithValueIs(java.lang.String)
  And Click on the Next button                                                                                       # com.mgp.mdemo1.frontend.tests.stepdefinitions.TellUsSteps.clickOnTheNextButton()
  And User input on Down payment money text box with value is "400000"                                               # com.mgp.mdemo1.frontend.tests.stepdefinitions.DownPaymentSteps.userInputOnDownPaymentMoneyTextBoxWithValueIs(java.lang.String)
  And Click on the Next button                                                                                       # com.mgp.mdemo1.frontend.tests.stepdefinitions.TellUsSteps.clickOnTheNextButton()
  And User input on Gross income text box with value is "80000"                                                      # com.mgp.mdemo1.frontend.tests.stepdefinitions.GrossIncomeSteps.userInputOnGrossIncomeTextBoxWithValueIs(java.lang.String)
  And Click on the Next button                                                                                       # com.mgp.mdemo1.frontend.tests.stepdefinitions.TellUsSteps.clickOnTheNextButton()
  And User input on Monthly Expenses text box with value is "1500"                                                   # com.mgp.mdemo1.frontend.tests.stepdefinitions.MonthlyExpensesSteps.userInputOnMonthlyExpensesTextBoxWithValueIs(java.lang.String)
  And Click on the Next button                                                                                       # com.mgp.mdemo1.frontend.tests.stepdefinitions.TellUsSteps.clickOnTheNextButton()
  Then User should see the Summary Review Page                                                                       # com.mgp.mdemo1.frontend.tests.stepdefinitions.SummaryReviewSteps.userShouldSeeTheSummaryReviewPage()
  When User click on the Submit button                                                                               # com.mgp.mdemo1.frontend.tests.stepdefinitions.SummaryReviewSteps.userClickOnTheSubmitButton()
  And User should see the Congratulations page                                                                       # com.mgp.mdemo1.frontend.tests.stepdefinitions.CongratulationsSteps.userShouldSeeTheCongratulationsPage()
  And User should see the Congratulations message as "You have qualified for our Mortgage Prequalification Program." # com.mgp.mdemo1.frontend.tests.stepdefinitions.CongratulationsSteps.userShouldSeeTheCongratulationsMessageAs(java.lang.String)
]]></system-out>
    <system-err><![CDATA[SLF4J: No SLF4J providers were found.
SLF4J: Defaulting to no-operation (NOP) logger implementation
SLF4J: See https://www.slf4j.org/codes.html#noProviders for further details.
]]></system-err>
  </testcase>
  <testcase name="runScenario[&quot;Verify user cannot make a payment if input invalid data on the Prequalification screen.&quot;, &quot;Submit an invalid application.&quot;](2)" classname="com.mgp.mdemo1.frontend.tests.testng.runner.RunCucumberTest" time="43.459">
    <system-out><![CDATA[
@SubmitAnInvalidApplication
Scenario Outline: Verify user cannot make a payment if input invalid data on the Prequalification screen. # features/SubmitAnInvalidApplication.feature:13
  Given User go to the Prequalification page and select user as "Test User1"                              # com.mgp.mdemo1.frontend.tests.stepdefinitions.PreRequestSteps.userGoToThePrequalificationPageAndSelectUserAs(java.lang.String)
  When User select answers as "N", "Y", "Y" and "Y"                                                       # com.mgp.mdemo1.frontend.tests.stepdefinitions.TellUsSteps.userSelectAnswersAsAnd(java.lang.String,java.lang.String,java.lang.String,java.lang.String)
  And Click on the Next button                                                                            # com.mgp.mdemo1.frontend.tests.stepdefinitions.TellUsSteps.clickOnTheNextButton()
  Then User should see we are sorry page                                                                  # com.mgp.mdemo1.frontend.tests.stepdefinitions.WeAreSorrySteps.userShouldSeeWeAreSorryPage()
  And User should see the message "Werex sorry you declined our process!"                                 # com.mgp.mdemo1.frontend.tests.stepdefinitions.WeAreSorrySteps.userShouldSeeTheMessage(java.lang.String)
]]></system-out>
  </testcase>
  <testcase name="runScenario[&quot;Verify user cannot make a payment if input invalid data on the Prequalification screen.&quot;, &quot;Submit an invalid application.&quot;](3)" classname="com.mgp.mdemo1.frontend.tests.testng.runner.RunCucumberTest" time="39.738">
    <system-out><![CDATA[
@SubmitAnInvalidApplication
Scenario Outline: Verify user cannot make a payment if input invalid data on the Prequalification screen. # features/SubmitAnInvalidApplication.feature:14
  Given User go to the Prequalification page and select user as "Test User1"                              # com.mgp.mdemo1.frontend.tests.stepdefinitions.PreRequestSteps.userGoToThePrequalificationPageAndSelectUserAs(java.lang.String)
  When User select answers as "Y", "N", "Y" and "Y"                                                       # com.mgp.mdemo1.frontend.tests.stepdefinitions.TellUsSteps.userSelectAnswersAsAnd(java.lang.String,java.lang.String,java.lang.String,java.lang.String)
  And Click on the Next button                                                                            # com.mgp.mdemo1.frontend.tests.stepdefinitions.TellUsSteps.clickOnTheNextButton()
  Then User should see we are sorry page                                                                  # com.mgp.mdemo1.frontend.tests.stepdefinitions.WeAreSorrySteps.userShouldSeeWeAreSorryPage()
  And User should see the message "Werex sorry you declined our process!"                                 # com.mgp.mdemo1.frontend.tests.stepdefinitions.WeAreSorrySteps.userShouldSeeTheMessage(java.lang.String)
]]></system-out>
  </testcase>
  <testcase name="runScenario[&quot;Verify user cannot make a payment if input invalid data on the Prequalification screen.&quot;, &quot;Submit an invalid application.&quot;](4)" classname="com.mgp.mdemo1.frontend.tests.testng.runner.RunCucumberTest" time="37.496">
    <system-out><![CDATA[
@SubmitAnInvalidApplication
Scenario Outline: Verify user cannot make a payment if input invalid data on the Prequalification screen. # features/SubmitAnInvalidApplication.feature:15
  Given User go to the Prequalification page and select user as "Test User1"                              # com.mgp.mdemo1.frontend.tests.stepdefinitions.PreRequestSteps.userGoToThePrequalificationPageAndSelectUserAs(java.lang.String)
  When User select answers as "Y", "Y", "N" and "Y"                                                       # com.mgp.mdemo1.frontend.tests.stepdefinitions.TellUsSteps.userSelectAnswersAsAnd(java.lang.String,java.lang.String,java.lang.String,java.lang.String)
  And Click on the Next button                                                                            # com.mgp.mdemo1.frontend.tests.stepdefinitions.TellUsSteps.clickOnTheNextButton()
  Then User should see we are sorry page                                                                  # com.mgp.mdemo1.frontend.tests.stepdefinitions.WeAreSorrySteps.userShouldSeeWeAreSorryPage()
  And User should see the message "Werex sorry you declined our process!"                                 # com.mgp.mdemo1.frontend.tests.stepdefinitions.WeAreSorrySteps.userShouldSeeTheMessage(java.lang.String)
]]></system-out>
  </testcase>
  <testcase name="runScenario[&quot;Verify user cannot make a payment if input invalid data on the Prequalification screen.&quot;, &quot;Submit an invalid application.&quot;](5)" classname="com.mgp.mdemo1.frontend.tests.testng.runner.RunCucumberTest" time="37.195">
    <system-out><![CDATA[
@SubmitAnInvalidApplication
Scenario Outline: Verify user cannot make a payment if input invalid data on the Prequalification screen. # features/SubmitAnInvalidApplication.feature:16
  Given User go to the Prequalification page and select user as "Test User1"                              # com.mgp.mdemo1.frontend.tests.stepdefinitions.PreRequestSteps.userGoToThePrequalificationPageAndSelectUserAs(java.lang.String)
  When User select answers as "Y", "Y", "Y" and "N"                                                       # com.mgp.mdemo1.frontend.tests.stepdefinitions.TellUsSteps.userSelectAnswersAsAnd(java.lang.String,java.lang.String,java.lang.String,java.lang.String)
  And Click on the Next button                                                                            # com.mgp.mdemo1.frontend.tests.stepdefinitions.TellUsSteps.clickOnTheNextButton()
  Then User should see we are sorry page                                                                  # com.mgp.mdemo1.frontend.tests.stepdefinitions.WeAreSorrySteps.userShouldSeeWeAreSorryPage()
  And User should see the message "Werex sorry you declined our process!"                                 # com.mgp.mdemo1.frontend.tests.stepdefinitions.WeAreSorrySteps.userShouldSeeTheMessage(java.lang.String)
]]></system-out>
  </testcase>
  <testcase name="runScenario[&quot;Verify user cannot make a payment if input invalid data on the Consent page.&quot;, &quot;Submit an invalid application.&quot;](6)" classname="com.mgp.mdemo1.frontend.tests.testng.runner.RunCucumberTest" time="60.184">
    <failure message="expected [Werex sorry you declined our process!] but found [null]" type="java.lang.AssertionError"><![CDATA[java.lang.AssertionError: expected [Werex sorry you declined our process!] but found [null]
	at org.testng.Assert.fail(Assert.java:110)
	at org.testng.Assert.failNotEquals(Assert.java:1413)
	at org.testng.Assert.assertEqualsImpl(Assert.java:149)
	at org.testng.Assert.assertEquals(Assert.java:131)
	at org.testng.Assert.assertEquals(Assert.java:655)
	at org.testng.Assert.assertEquals(Assert.java:665)
	at com.mgp.mdemo1.frontend.tests.stepdefinitions.WeAreSorrySteps.userShouldSeeTheMessage(WeAreSorrySteps.java:32)
	at ✽.User should see the message "Werex sorry you declined our process!"(classpath:features/SubmitAnInvalidApplication.feature:25)
]]></failure>
    <system-out><![CDATA[
@SubmitAnInvalidApplication
Scenario Outline: Verify user cannot make a payment if input invalid data on the Consent page. # features/SubmitAnInvalidApplication.feature:29
  Given User go to the Prequalification page and select user as "Test User5"                   # com.mgp.mdemo1.frontend.tests.stepdefinitions.PreRequestSteps.userGoToThePrequalificationPageAndSelectUserAs(java.lang.String)
  When User select answers as "Y", "Y", "Y" and "Y"                                            # com.mgp.mdemo1.frontend.tests.stepdefinitions.TellUsSteps.userSelectAnswersAsAnd(java.lang.String,java.lang.String,java.lang.String,java.lang.String)
  Then Click on the Next button                                                                # com.mgp.mdemo1.frontend.tests.stepdefinitions.TellUsSteps.clickOnTheNextButton()
  And User click on Consent checkbox with value is "N"                                         # com.mgp.mdemo1.frontend.tests.stepdefinitions.ConsentSteps.userClickOnConsentCheckboxWithValueIs(java.lang.String)
  And Click on the Next button                                                                 # com.mgp.mdemo1.frontend.tests.stepdefinitions.TellUsSteps.clickOnTheNextButton()
Expected condition failed: waiting for visibility of [[AppiumDriver:  on IOS (11973595826dd6797c442ca189eacc938b65f3c4)] -> xpath: (//XCUIElementTypeStaticText)[last()]] (tried for 5 second(s) with 500 milliseconds interval)
Build info: version: '4.9.1', revision: 'eb2032df7f'
System info: os.name: 'Windows 11', os.arch: 'amd64', os.version: '10.0', java.version: '11.0.14'
Driver info: io.appium.java_client.AppiumDriver
Capabilities {appium:automationName: XCUITest, appium:bootstrapPath: /usr/local/.browserstack/co..., appium:browserstack.debug: true, appium:browserstack.isTargetBased: true, appium:build: ios build_2023-05-26t15:55:..., appium:bundleID: com.example.mgpMobileDemo1App, appium:bundleId: com.example.mgpMobileDemo1App, appium:databaseEnabled: false, appium:deviceName: iphone 14, appium:deviceOrientation: PORTRAIT, appium:javascriptEnabled: true, appium:keychainPassword: [REDACTED VALUE], appium:keychainPath: [REDACTED VALUE], appium:locationContextEnabled: false, appium:networkConnectionEnabled: false, appium:newCommandTimeout: 0, appium:noReset: true, appium:orientation: PORTRAIT, appium:project: mozaic ios project, appium:realMobile: true, appium:safariIgnoreFraudWarning: true, appium:safariInitialUrl: http://mobile-internet-chec..., appium:takesScreenshot: true, appium:udid: 00008110-001609AA2161401E, appium:useXctestrunFile: true, appium:waitForQuiescence: false, appium:wdaStartupRetries: 3, appium:webStorageEnabled: false, appium:webkitResponseTimeout: 20000, bstack:options: {appiumVersion: 1.21.0}, platformName: IOS}
Session ID: 11973595826dd6797c442ca189eacc938b65f3c4
  Then User should see we are sorry page                                                       # com.mgp.mdemo1.frontend.tests.stepdefinitions.WeAreSorrySteps.userShouldSeeWeAreSorryPage()
Expected condition failed: waiting for visibility of [[AppiumDriver:  on IOS (11973595826dd6797c442ca189eacc938b65f3c4)] -> xpath: (//XCUIElementTypeStaticText)[last()]] (tried for 10 second(s) with 500 milliseconds interval)
Build info: version: '4.9.1', revision: 'eb2032df7f'
System info: os.name: 'Windows 11', os.arch: 'amd64', os.version: '10.0', java.version: '11.0.14'
Driver info: io.appium.java_client.AppiumDriver
Capabilities {appium:automationName: XCUITest, appium:bootstrapPath: /usr/local/.browserstack/co..., appium:browserstack.debug: true, appium:browserstack.isTargetBased: true, appium:build: ios build_2023-05-26t15:55:..., appium:bundleID: com.example.mgpMobileDemo1App, appium:bundleId: com.example.mgpMobileDemo1App, appium:databaseEnabled: false, appium:deviceName: iphone 14, appium:deviceOrientation: PORTRAIT, appium:javascriptEnabled: true, appium:keychainPassword: [REDACTED VALUE], appium:keychainPath: [REDACTED VALUE], appium:locationContextEnabled: false, appium:networkConnectionEnabled: false, appium:newCommandTimeout: 0, appium:noReset: true, appium:orientation: PORTRAIT, appium:project: mozaic ios project, appium:realMobile: true, appium:safariIgnoreFraudWarning: true, appium:safariInitialUrl: http://mobile-internet-chec..., appium:takesScreenshot: true, appium:udid: 00008110-001609AA2161401E, appium:useXctestrunFile: true, appium:waitForQuiescence: false, appium:wdaStartupRetries: 3, appium:webStorageEnabled: false, appium:webkitResponseTimeout: 20000, bstack:options: {appiumVersion: 1.21.0}, platformName: IOS}
Session ID: 11973595826dd6797c442ca189eacc938b65f3c4
  And User should see the message "Werex sorry you declined our process!"                      # com.mgp.mdemo1.frontend.tests.stepdefinitions.WeAreSorrySteps.userShouldSeeTheMessage(java.lang.String)
      java.lang.AssertionError: expected [Werex sorry you declined our process!] but found [null]
	at org.testng.Assert.fail(Assert.java:110)
	at org.testng.Assert.failNotEquals(Assert.java:1413)
	at org.testng.Assert.assertEqualsImpl(Assert.java:149)
	at org.testng.Assert.assertEquals(Assert.java:131)
	at org.testng.Assert.assertEquals(Assert.java:655)
	at org.testng.Assert.assertEquals(Assert.java:665)
	at com.mgp.mdemo1.frontend.tests.stepdefinitions.WeAreSorrySteps.userShouldSeeTheMessage(WeAreSorrySteps.java:32)
	at âœ½.User should see the message "Werex sorry you declined our process!"(classpath:features/SubmitAnInvalidApplication.feature:25)

]]></system-out>
  </testcase>
</testsuite>