<?xml version="1.0" encoding="UTF-8"?>
<!-- Generated by org.testng.reporters.JUnitReportReporter -->
<testsuite hostname="TriNguyen" failures="0" tests="6" name="com.mgp.mdemo1.frontend.tests.testng.runner.RunCucumberTest" time="0.075" errors="0" timestamp="2023-04-21T11:13:25 ICT" skipped="0">
  <testcase classname="com.mgp.mdemo1.frontend.tests.testng.runner.RunCucumberTest" name="runScenario" time="0.003"/>
  <system-out/>
  <testcase classname="com.mgp.mdemo1.frontend.tests.testng.runner.RunCucumberTest" name="runScenario" time="0.004"/>
  <system-out/>
  <testcase classname="com.mgp.mdemo1.frontend.tests.testng.runner.RunCucumberTest" name="runScenario" time="0.055"/>
  <system-out/>
  <testcase classname="com.mgp.mdemo1.frontend.tests.testng.runner.RunCucumberTest" name="runScenario" time="0.005"/>
  <system-out/>
  <testcase classname="com.mgp.mdemo1.frontend.tests.testng.runner.RunCucumberTest" name="runScenario" time="0.004"/>
  <system-out/>
  <testcase classname="com.mgp.mdemo1.frontend.tests.testng.runner.RunCucumberTest" name="runScenario" time="0.004"/>
  <system-out/>
</testsuite> <!-- com.mgp.mdemo1.frontend.tests.testng.runner.RunCucumberTest -->
